<?xml version="1.0" encoding="UTF-8"?>
<!-- Generated by org.testng.reporters.JUnitXMLReporter -->
<testsuite ignored="0" hostname="DESKTOP-HUQOIUG" failures="0" tests="7" name="Default test" time="15.039" errors="0" timestamp="2021-11-08T19:07:23 IST">
  <testcase classname="ProductList" name="GetAccessToken1" time="5.72"/>
  <testcase classname="ProductList" name="LoginAccessToken1" time="3.313"/>
  <testcase classname="ProductList" name="GetProductDetails" time="2.361"/>
  <testcase classname="ProductList" name="Updateproducts" time="0.742"/>
  <testcase classname="ProductList" name="GetProductDetaildByID" time="0.706"/>
  <testcase classname="ProductList" name="UpdateProductQuantity" time="1.089"/>
  <testcase classname="ProductList" name="GetProductQuantityDetailsByID" time="1.002"/>
</testsuite> <!-- Default test -->
