<?xml version="1.0" encoding="UTF-8"?>
<!-- Generated by org.testng.reporters.JUnitXMLReporter -->
<testsuite ignored="0" hostname="DESKTOP-HUQOIUG" failures="0" tests="4" name="RestAPI" time="5.999" errors="0" timestamp="2021-11-08T19:19:36 IST">
  <testcase classname="GetAccess" name="GetAccessToken" time="3.35"/>
  <testcase classname="GetAccess" name="LoginAccessToken" time="1.21"/>
  <testcase classname="GetAccess" name="GetUserAccountDetails" time="0.699"/>
  <testcase classname="GetAccess" name="LogoutFromSystem" time="0.639"/>
</testsuite> <!-- RestAPI -->
