<?xml version="1.0" encoding="UTF-8"?>
<!-- Generated by org.testng.reporters.JUnitXMLReporter -->
<testsuite ignored="0" hostname="DESKTOP-HUQOIUG" failures="0" tests="7" name="RestAPI2" time="6.405" errors="0" timestamp="2021-11-08T19:19:43 IST">
  <testcase classname="ProductList" name="GetAccessToken1" time="0.995"/>
  <testcase classname="ProductList" name="LoginAccessToken1" time="0.662"/>
  <testcase classname="ProductList" name="GetProductDetails" time="1.983"/>
  <testcase classname="ProductList" name="Updateproducts" time="0.668"/>
  <testcase classname="ProductList" name="GetProductDetaildByID" time="0.68"/>
  <testcase classname="ProductList" name="UpdateProductQuantity" time="0.662"/>
  <testcase classname="ProductList" name="GetProductQuantityDetailsByID" time="0.693"/>
</testsuite> <!-- RestAPI2 -->
